<?xml version="1.0" encoding="UTF-8"?>
<!-- Generated by org.testng.reporters.JUnitXMLReporter -->
<testsuite ignored="0" hostname="DESKTOP-2OBHBAO" failures="0" tests="3" name="Surefire test" time="191.479" errors="0" timestamp="2021-07-26T13:57:09 IST">
  <testcase classname="testCases.Test1SearchHospitals" name="search" time="41.494"/>
  <testcase classname="testCases.Test2TopCities" name="getCityNames" time="12.263"/>
  <testcase classname="testCases.Test3CorporateWellness" name="setCorporateWellnessForm" time="26.954"/>
</testsuite> <!-- Surefire test -->
