<?xml version="1.0" encoding="UTF-8"?>
<testng-results ignored="0" total="3" passed="3" failed="0" skipped="0">
  <reporter-output>
  </reporter-output>
  <suite started-at="2021-07-26T13:53:58 IST" name="Surefire suite" finished-at="2021-07-26T13:57:09 IST" duration-ms="191479">
    <groups>
      <group name="search">
        <method signature="Test1SearchHospitals.search(java.lang.String,java.lang.String,java.lang.String)[pri:0, instance:testCases.Test1SearchHospitals@c0c2f8d]" name="search" class="testCases.Test1SearchHospitals"/>
      </group> <!-- search -->
      <group name="cities">
        <method signature="Test2TopCities.getCityNames()[pri:2, instance:testCases.Test2TopCities@158a8276]" name="getCityNames" class="testCases.Test2TopCities"/>
      </group> <!-- cities -->
      <group name="corporate">
        <method signature="Test3CorporateWellness.setCorporateWellnessForm(java.lang.String,java.lang.String,java.lang.String,java.lang.String,java.lang.String,java.lang.String)[pri:1, instance:testCases.Test3CorporateWellness@3c3d9b6b]" name="setCorporateWellnessForm" class="testCases.Test3CorporateWellness"/>
      </group> <!-- corporate -->
    </groups>
    <test started-at="2021-07-26T13:53:58 IST" name="Surefire test" finished-at="2021-07-26T13:57:09 IST" duration-ms="191479">
      <class name="testCases.Test1SearchHospitals">
        <test-method is-config="true" signature="createDriver()[pri:0, instance:testCases.Test1SearchHospitals@c0c2f8d]" started-at="2021-07-26T13:53:58 IST" name="createDriver" finished-at="2021-07-26T13:54:37 IST" duration-ms="39241" status="PASS">
          <reporter-output>
          </reporter-output>
        </test-method> <!-- createDriver -->
        <test-method is-config="true" signature="homepage()[pri:0, instance:testCases.Test1SearchHospitals@c0c2f8d]" started-at="2021-07-26T13:54:37 IST" name="homepage" finished-at="2021-07-26T13:54:41 IST" duration-ms="3978" status="PASS">
          <reporter-output>
          </reporter-output>
        </test-method> <!-- homepage -->
        <test-method signature="search(java.lang.String,java.lang.String,java.lang.String)[pri:0, instance:testCases.Test1SearchHospitals@c0c2f8d]" started-at="2021-07-26T13:54:47 IST" name="search" data-provider="testData" finished-at="2021-07-26T13:55:29 IST" duration-ms="41494" status="PASS">
          <params>
            <param index="0">
              <value>
                <![CDATA[Bangalore]]>
              </value>
            </param>
            <param index="1">
              <value>
                <![CDATA[Hospital]]>
              </value>
            </param>
            <param index="2">
              <value>
                <![CDATA[3.5]]>
              </value>
            </param>
          </params>
          <reporter-output>
          </reporter-output>
        </test-method> <!-- search -->
        <test-method is-config="true" signature="endTest()[pri:0, instance:testCases.Test1SearchHospitals@c0c2f8d]" started-at="2021-07-26T13:55:29 IST" name="endTest" finished-at="2021-07-26T13:55:29 IST" duration-ms="522" status="PASS">
          <reporter-output>
          </reporter-output>
        </test-method> <!-- endTest -->
        <test-method is-config="true" signature="closeDriver()[pri:0, instance:testCases.Test1SearchHospitals@c0c2f8d]" started-at="2021-07-26T13:57:01 IST" name="closeDriver" finished-at="2021-07-26T13:57:09 IST" duration-ms="7640" status="PASS">
          <reporter-output>
          </reporter-output>
        </test-method> <!-- closeDriver -->
      </class> <!-- testCases.Test1SearchHospitals -->
      <class name="testCases.Test3CorporateWellness">
        <test-method is-config="true" signature="homepage()[pri:0, instance:testCases.Test3CorporateWellness@3c3d9b6b]" started-at="2021-07-26T13:55:53 IST" name="homepage" finished-at="2021-07-26T13:55:57 IST" duration-ms="3845" status="PASS">
          <reporter-output>
          </reporter-output>
        </test-method> <!-- homepage -->
        <test-method is-config="true" signature="corporateWellnessPage()[pri:0, instance:testCases.Test3CorporateWellness@3c3d9b6b]" started-at="2021-07-26T13:55:58 IST" name="corporateWellnessPage" finished-at="2021-07-26T13:56:34 IST" duration-ms="36442" status="PASS">
          <reporter-output>
          </reporter-output>
        </test-method> <!-- corporateWellnessPage -->
        <test-method signature="setCorporateWellnessForm(java.lang.String,java.lang.String,java.lang.String,java.lang.String,java.lang.String,java.lang.String)[pri:1, instance:testCases.Test3CorporateWellness@3c3d9b6b]" started-at="2021-07-26T13:56:34 IST" name="setCorporateWellnessForm" data-provider="testData" finished-at="2021-07-26T13:57:01 IST" duration-ms="26954" status="PASS">
          <params>
            <param index="0">
              <value>
                <![CDATA[Postive]]>
              </value>
            </param>
            <param index="1">
              <value>
                <![CDATA[Saanvi Ray]]>
              </value>
            </param>
            <param index="2">
              <value>
                <![CDATA[CTS]]>
              </value>
            </param>
            <param index="3">
              <value>
                <![CDATA[cts@gmail]]>
              </value>
            </param>
            <param index="4">
              <value>
                <![CDATA[6532489720]]>
              </value>
            </param>
            <param index="5">
              <value>
                <![CDATA[Please enter valid email address]]>
              </value>
            </param>
          </params>
          <reporter-output>
          </reporter-output>
        </test-method> <!-- setCorporateWellnessForm -->
        <test-method is-config="true" signature="endTest()[pri:0, instance:testCases.Test3CorporateWellness@3c3d9b6b]" started-at="2021-07-26T13:57:01 IST" name="endTest" finished-at="2021-07-26T13:57:01 IST" duration-ms="198" status="PASS">
          <reporter-output>
          </reporter-output>
        </test-method> <!-- endTest -->
      </class> <!-- testCases.Test3CorporateWellness -->
      <class name="testCases.Test2TopCities">
        <test-method is-config="true" signature="homepage()[pri:0, instance:testCases.Test2TopCities@158a8276]" started-at="2021-07-26T13:55:29 IST" name="homepage" finished-at="2021-07-26T13:55:41 IST" duration-ms="11226" status="PASS">
          <reporter-output>
          </reporter-output>
        </test-method> <!-- homepage -->
        <test-method signature="getCityNames()[pri:2, instance:testCases.Test2TopCities@158a8276]" started-at="2021-07-26T13:55:41 IST" name="getCityNames" finished-at="2021-07-26T13:55:53 IST" duration-ms="12263" status="PASS">
          <reporter-output>
          </reporter-output>
        </test-method> <!-- getCityNames -->
        <test-method is-config="true" signature="endTest()[pri:0, instance:testCases.Test2TopCities@158a8276]" started-at="2021-07-26T13:55:53 IST" name="endTest" finished-at="2021-07-26T13:55:53 IST" duration-ms="63" status="PASS">
          <reporter-output>
          </reporter-output>
        </test-method> <!-- endTest -->
        <test-method is-config="true" signature="closeDriver()[pri:0, instance:testCases.Test2TopCities@158a8276]" started-at="2021-07-26T13:57:09 IST" name="closeDriver" finished-at="2021-07-26T13:57:09 IST" duration-ms="164" status="PASS">
          <reporter-output>
          </reporter-output>
        </test-method> <!-- closeDriver -->
      </class> <!-- testCases.Test2TopCities -->
    </test> <!-- Surefire test -->
  </suite> <!-- Surefire suite -->
</testng-results>
